<?xml version="1.0" encoding="utf-8"?><testsuites><testsuite name="pytest" errors="0" failures="0" skipped="0" tests="23" time="2.443" timestamp="2024-12-24T05:48:40.196327-08:00" hostname="visionraga"><testcase classname="src.deepview_datasets.tests.test_custom_datasets.flake-8" name="FLAKE8" time="0.098" /><testcase classname="src.deepview_datasets.tests.test_custom_datasets" name="mypy" time="2.050" /><testcase classname="src.deepview_datasets.tests.test_custom_datasets" name="mypy-status" time="0.000" /><testcase classname="src.deepview_datasets.tests.test_custom_datasets.TestImageFolderDataset" name="test_array_writability" time="0.010" /><testcase classname="src.deepview_datasets.tests.test_custom_datasets.TestImageFolderDataset" name="test_custom_train_split" time="0.006" /><testcase classname="src.deepview_datasets.tests.test_custom_datasets.TestImageFolderDataset" name="test_empty_directory" time="0.004" /><testcase classname="src.deepview_datasets.tests.test_custom_datasets.TestImageFolderDataset" name="test_get_producer" time="0.006" /><testcase classname="src.deepview_datasets.tests.test_custom_datasets.TestImageFolderDataset" name="test_image_format" time="0.003" /><testcase classname="src.deepview_datasets.tests.test_custom_datasets.TestImageFolderDataset" name="test_initialization" time="0.003" /><testcase classname="src.deepview_datasets.tests.test_custom_datasets.TestImageFolderDataset" name="test_invalid_image" time="0.004" /><testcase classname="src.deepview_datasets.tests.test_custom_datasets.TestImageFolderDataset" name="test_load_data_with_corrupted_image" time="0.005" /><testcase classname="src.deepview_datasets.tests.test_custom_datasets.TestImageFolderDataset" name="test_load_data_with_empty_class" time="0.003" /><testcase classname="src.deepview_datasets.tests.test_custom_datasets.TestImageFolderDataset" name="test_load_data_with_invalid_extension" time="0.003" /><testcase classname="src.deepview_datasets.tests.test_custom_datasets.TestImageFolderDataset" name="test_load_from_folder" time="0.003" /><testcase classname="src.deepview_datasets.tests.test_custom_datasets.TestImageFolderDataset" name="test_logging_functionality" time="0.003" /><testcase classname="src.deepview_datasets.tests.test_custom_datasets.TestImageFolderDataset" name="test_max_samples" time="0.003" /><testcase classname="src.deepview_datasets.tests.test_custom_datasets.TestImageFolderDataset" name="test_max_samples_balanced" time="0.003" /><testcase classname="src.deepview_datasets.tests.test_custom_datasets.TestImageFolderDataset" name="test_max_samples_minimum_representation" time="0.003" /><testcase classname="src.deepview_datasets.tests.test_custom_datasets.TestImageFolderDataset" name="test_metadata" time="0.003" /><testcase classname="src.deepview_datasets.tests.test_custom_datasets.TestImageFolderDataset" name="test_no_valid_class_folders" time="0.002" /><testcase classname="src.deepview_datasets.tests.test_custom_datasets.TestImageFolderDataset" name="test_no_valid_images" time="0.002" /><testcase classname="src.deepview_datasets.tests.test_custom_datasets.TestImageFolderDataset" name="test_train_split_with_invalid_ratio" time="0.002" /><testcase classname="src.deepview_datasets.tests.test_custom_datasets.TestImageFolderDataset" name="test_valid_extensions" time="0.003" /></testsuite></testsuites>