<?xml version="1.0" encoding="utf-8"?><testsuites><testsuite name="pytest" errors="0" failures="0" skipped="0" tests="14" time="2.407" timestamp="2024-11-26T06:24:40.644015-08:00" hostname="visionraga"><testcase classname="src.deepview_tensorflow.tests.test_custom_datasets.flake-8" name="FLAKE8" time="0.076" /><testcase classname="src.deepview_tensorflow.tests.test_custom_datasets" name="mypy" time="0.557" /><testcase classname="src.deepview_tensorflow.tests.test_custom_datasets" name="mypy-status" time="0.008" /><testcase classname="src.deepview_tensorflow.tests.test_custom_datasets.TestImageFolderDataset" name="test_array_writability" time="0.007" /><testcase classname="src.deepview_tensorflow.tests.test_custom_datasets.TestImageFolderDataset" name="test_custom_train_split" time="0.003" /><testcase classname="src.deepview_tensorflow.tests.test_custom_datasets.TestImageFolderDataset" name="test_empty_directory" time="0.002" /><testcase classname="src.deepview_tensorflow.tests.test_custom_datasets.TestImageFolderDataset" name="test_image_format" time="0.003" /><testcase classname="src.deepview_tensorflow.tests.test_custom_datasets.TestImageFolderDataset" name="test_initialization" time="0.003" /><testcase classname="src.deepview_tensorflow.tests.test_custom_datasets.TestImageFolderDataset" name="test_invalid_image" time="0.003" /><testcase classname="src.deepview_tensorflow.tests.test_custom_datasets.TestImageFolderDataset" name="test_load_from_folder" time="0.003" /><testcase classname="src.deepview_tensorflow.tests.test_custom_datasets.TestImageFolderDataset" name="test_max_samples" time="0.003" /><testcase classname="src.deepview_tensorflow.tests.test_custom_datasets.TestImageFolderDataset" name="test_max_samples_balanced" time="0.003" /><testcase classname="src.deepview_tensorflow.tests.test_custom_datasets.TestImageFolderDataset" name="test_max_samples_minimum_representation" time="0.003" /><testcase classname="src.deepview_tensorflow.tests.test_custom_datasets.TestImageFolderDataset" name="test_valid_extensions" time="0.003" /></testsuite></testsuites>